<?xml version="1.0" encoding="UTF-8"?>
<testng-results ignored="0" total="1" passed="1" failed="0" skipped="0">
  <reporter-output>
  </reporter-output>
  <suite started-at="2022-09-05T14:07:51 CDT" name="Default suite" finished-at="2022-09-05T14:07:55 CDT" duration-ms="3771">
    <groups>
    </groups>
    <test started-at="2022-09-05T14:07:51 CDT" name="Default test" finished-at="2022-09-05T14:07:55 CDT" duration-ms="3771">
      <class name="com.inetbanking.testCases.TC_LoginTest_001">
        <test-method is-config="true" signature="setup()[pri:0, instance:com.inetbanking.testCases.TC_LoginTest_001@6631f5ca]" started-at="2022-09-05T14:07:51 CDT" name="setup" finished-at="2022-09-05T14:07:53 CDT" duration-ms="1864" status="PASS">
          <reporter-output>
          </reporter-output>
        </test-method> <!-- setup -->
        <test-method signature="loginTest()[pri:0, instance:com.inetbanking.testCases.TC_LoginTest_001@6631f5ca]" started-at="2022-09-05T14:07:53 CDT" name="loginTest" finished-at="2022-09-05T14:07:54 CDT" duration-ms="1680" status="PASS">
          <reporter-output>
          </reporter-output>
        </test-method> <!-- loginTest -->
        <test-method is-config="true" signature="tearDOwn()[pri:0, instance:com.inetbanking.testCases.TC_LoginTest_001@6631f5ca]" started-at="2022-09-05T14:07:54 CDT" name="tearDOwn" finished-at="2022-09-05T14:07:55 CDT" duration-ms="207" status="PASS">
          <reporter-output>
          </reporter-output>
        </test-method> <!-- tearDOwn -->
      </class> <!-- com.inetbanking.testCases.TC_LoginTest_001 -->
    </test> <!-- Default test -->
  </suite> <!-- Default suite -->
</testng-results>
